<?xml version="1.0" encoding="UTF-8"?>
<testng-results ignored="0" total="1" passed="1" failed="0" skipped="0">
  <reporter-output>
  </reporter-output>
  <suite started-at="2024-11-20T11:45:25 IST" name="Default suite" finished-at="2024-11-20T11:45:55 IST" duration-ms="30259">
    <groups>
    </groups>
    <test started-at="2024-11-20T11:45:25 IST" name="Default test" finished-at="2024-11-20T11:45:55 IST" duration-ms="30259">
      <class name="com.fly.test.ArticleTest">
        <test-method is-config="true" signature="setup()[pri:0, instance:com.fly.test.ArticleTest@6db66836]" started-at="2024-11-20T11:45:25 IST" name="setup" finished-at="2024-11-20T11:45:29 IST" duration-ms="3400" status="PASS">
          <reporter-output>
          </reporter-output>
        </test-method> <!-- setup -->
        <test-method signature="validEditArticle()[pri:0, instance:com.fly.test.ArticleTest@6db66836]" started-at="2024-11-20T11:45:29 IST" name="validEditArticle" finished-at="2024-11-20T11:45:55 IST" duration-ms="26274" status="PASS">
          <reporter-output>
          </reporter-output>
        </test-method> <!-- validEditArticle -->
        <test-method is-config="true" signature="tearDown()[pri:0, instance:com.fly.test.ArticleTest@6db66836]" started-at="2024-11-20T11:45:55 IST" name="tearDown" finished-at="2024-11-20T11:45:55 IST" duration-ms="475" status="PASS">
          <reporter-output>
          </reporter-output>
        </test-method> <!-- tearDown -->
      </class> <!-- com.fly.test.ArticleTest -->
    </test> <!-- Default test -->
  </suite> <!-- Default suite -->
</testng-results>
